[INFO ] [2018-06-19 15:48:16.488] [com.purefun.fstp.example.FstpPublishExampleService]  ------------------------------------------------------------------------
[INFO ] [2018-06-19 15:48:16.488] [com.purefun.fstp.example.FstpPublishExampleService]  |                 This is Free & Super Trading Platform                |
[INFO ] [2018-06-19 15:48:16.488] [com.purefun.fstp.example.FstpPublishExampleService]  ------------------------------------------------------------------------
[INFO ] [2018-06-19 15:48:16.489] [com.purefun.fstp.example.FstpPublishExampleService]  Create a new FSTP Server:FstpPublishExampleService_DEV_1
[INFO ] [2018-06-19 15:48:16.506] [com.purefun.fstp.example.FstpPublishExampleService]  FstpPublishExampleService_DEV_1 init FCache succesful
[INFO ] [2018-06-19 15:48:16.581] [org.apache.qpid.client.security.DynamicSaslRegistrar]  Additional SASL providers successfully registered.
[INFO ] [2018-06-19 15:48:16.583] [org.apache.qpid.client.security.CallbackHandlerRegistry]  Callback handlers available for SASL mechanisms: [EXTERNAL, GSSAPI, SCRAM-SHA-256, SCRAM-SHA-1, CRAM-MD5-HASHED, CRAM-MD5, PLAIN, AMQPLAIN, ANONYMOUS, XOAUTH2]
[INFO ] [2018-06-19 15:48:16.743] [org.apache.qpid.client.AMQConnection]  Connection 1 now connected from /127.0.0.1:60261 to localhost/127.0.0.1:5672
[INFO ] [2018-06-19 15:48:44.884] [com.purefun.fstp.example.FstpPublishExampleService]  ------------------------------------------------------------------------
[INFO ] [2018-06-19 15:48:44.884] [com.purefun.fstp.example.FstpPublishExampleService]  |                 This is Free & Super Trading Platform                |
[INFO ] [2018-06-19 15:48:44.884] [com.purefun.fstp.example.FstpPublishExampleService]  ------------------------------------------------------------------------
[INFO ] [2018-06-19 15:48:44.885] [com.purefun.fstp.example.FstpPublishExampleService]  Create a new FSTP Server:FstpPublishExampleService_DEV_1
[INFO ] [2018-06-19 15:48:44.902] [com.purefun.fstp.example.FstpPublishExampleService]  FstpPublishExampleService_DEV_1 init FCache succesful
[INFO ] [2018-06-19 15:48:44.978] [org.apache.qpid.client.security.DynamicSaslRegistrar]  Additional SASL providers successfully registered.
[INFO ] [2018-06-19 15:48:44.980] [org.apache.qpid.client.security.CallbackHandlerRegistry]  Callback handlers available for SASL mechanisms: [EXTERNAL, GSSAPI, SCRAM-SHA-256, SCRAM-SHA-1, CRAM-MD5-HASHED, CRAM-MD5, PLAIN, AMQPLAIN, ANONYMOUS, XOAUTH2]
[INFO ] [2018-06-19 15:48:45.088] [org.apache.qpid.client.AMQConnection]  Connection 1 now connected from /127.0.0.1:60268 to localhost/127.0.0.1:5672
[INFO ] [2018-06-19 15:48:45.633] [com.purefun.fstp.example.FstpPublishExampleService]  connect to monitor successful
[INFO ] [2018-06-19 15:48:45.634] [com.purefun.fstp.example.FstpPublishExampleService]  <====================   active
[INFO ] [2018-06-19 15:48:45.642] [com.purefun.fstp.example.FstpPublishExampleService]  publish BO:[TestBO_OTW [uuid = 5380556a1ab04e3d90171773dfd5067f,boid = 2,destination = fstp.core.rpc.testone,servername = ,msg = Hans,]]
[INFO ] [2018-06-19 15:48:45.661] [com.purefun.fstp.example.FstpPublishExampleService]  publish BO:[TestBO_OTW [uuid = 086d4622fd4b467fae0d988981b6aa6a,boid = 2,destination = fstp.core.rpc.testone,servername = ,msg = Hans,]]
[INFO ] [2018-06-19 15:48:45.682] [com.purefun.fstp.example.FstpPublishExampleService]  publish BO:[TestBO_OTW [uuid = c3a1a2de3beb4f139ede0b100c3ee055,boid = 2,destination = fstp.core.rpc.testone,servername = ,msg = Hans,]]
[INFO ] [2018-06-19 15:51:18.551] [com.purefun.fstp.example.FstpPublishExampleService]  service exit
