[INFO ] [2018-03-28 14:00:38.296] [com.purefun.fstp.core.server.monitor.MonitorService]  -------------------------------------------------
[INFO ] [2018-03-28 14:00:38.297] [com.purefun.fstp.core.server.monitor.MonitorService]  |             This is PILOT                     |
[INFO ] [2018-03-28 14:00:38.297] [com.purefun.fstp.core.server.monitor.MonitorService]  -------------------------------------------------
[INFO ] [2018-03-28 14:00:38.297] [com.purefun.fstp.core.server.monitor.MonitorService]  Create a new PILOT Server:MonitorService_DEV_1
[INFO ] [2018-03-28 14:00:38.475] [org.apache.qpid.client.security.DynamicSaslRegistrar]  Additional SASL providers successfully registered.
[INFO ] [2018-03-28 14:00:38.476] [org.apache.qpid.client.security.CallbackHandlerRegistry]  Callback handlers available for SASL mechanisms: [EXTERNAL, GSSAPI, SCRAM-SHA-256, SCRAM-SHA-1, CRAM-MD5-HASHED, CRAM-MD5, PLAIN, AMQPLAIN, ANONYMOUS, XOAUTH2]
[INFO ] [2018-03-28 14:00:39.142] [org.apache.qpid.client.AMQConnection]  Connection 1 now connected from /127.0.0.1:65509 to localhost/127.0.0.1:5672
[WARN ] [2018-03-28 14:00:39.315] [com.purefun.fstp.core.server.monitor.MonitorService]  The Server config file is not FOUND
[INFO ] [2018-03-28 14:00:39.315] [com.purefun.fstp.core.server.monitor.MonitorService]  MonitorService_DEV_1 init successful
[INFO ] [2018-03-28 14:00:39.317] [com.purefun.fstp.core.server.monitor.MonitorService]  MonitorService_DEV_1 start successful
[INFO ] [2018-03-28 14:14:03.852] [com.purefun.fstp.core.server.monitor.MonitorService]  -------------------------------------------------
[INFO ] [2018-03-28 14:14:03.853] [com.purefun.fstp.core.server.monitor.MonitorService]  |             This is PILOT                     |
[INFO ] [2018-03-28 14:14:03.853] [com.purefun.fstp.core.server.monitor.MonitorService]  -------------------------------------------------
[INFO ] [2018-03-28 14:14:03.854] [com.purefun.fstp.core.server.monitor.MonitorService]  Create a new PILOT Server:MonitorService_DEV_1
[INFO ] [2018-03-28 14:14:04.022] [org.apache.qpid.client.security.DynamicSaslRegistrar]  Additional SASL providers successfully registered.
[INFO ] [2018-03-28 14:14:04.023] [org.apache.qpid.client.security.CallbackHandlerRegistry]  Callback handlers available for SASL mechanisms: [EXTERNAL, GSSAPI, SCRAM-SHA-256, SCRAM-SHA-1, CRAM-MD5-HASHED, CRAM-MD5, PLAIN, AMQPLAIN, ANONYMOUS, XOAUTH2]
[INFO ] [2018-03-28 14:14:04.271] [org.apache.qpid.client.AMQConnection]  Connection 1 now connected from /127.0.0.1:49392 to localhost/127.0.0.1:5672
[WARN ] [2018-03-28 14:14:04.325] [com.purefun.fstp.core.server.monitor.MonitorService]  The Server config file is not FOUND
[INFO ] [2018-03-28 14:14:04.326] [com.purefun.fstp.core.server.monitor.MonitorService]  MonitorService_DEV_1 init successful
[INFO ] [2018-03-28 14:14:04.328] [com.purefun.fstp.core.server.monitor.MonitorService]  MonitorService_DEV_1 start successful
[INFO ] [2018-03-28 14:14:12.286] [com.purefun.fstp.core.server.monitor.MonitorService]  receive status bo：serverName:StockRDS,status:0
[INFO ] [2018-03-28 14:14:12.287] [com.purefun.fstp.core.server.monitor.MonitorService]  server StockRDS online 
[INFO ] [2018-03-28 14:14:12.298] [com.purefun.fstp.core.server.monitor.MonitorService]  [HB] Received HB from service: StockRDS_DEV_2
[INFO ] [2018-03-28 14:14:12.351] [com.purefun.fstp.core.server.monitor.MonitorService]  receive ServerName:null,QNSTopic:pilot.core.rpc.*
[INFO ] [2018-03-28 14:14:22.302] [com.purefun.fstp.core.server.monitor.MonitorService]  [HB] Received HB from service: StockRDS_DEV_2
[INFO ] [2018-03-28 14:14:27.404] [com.purefun.fstp.core.server.monitor.MonitorService]  [HB] service StockRDS_DEV_2 status change to offline
