[INFO ] [2018-03-28 14:13:52.821] [com.purefun.fstp.ace.rds.server.StockRDS]  -------------------------------------------------
[INFO ] [2018-03-28 14:13:52.822] [com.purefun.fstp.ace.rds.server.StockRDS]  |             This is PILOT                     |
[INFO ] [2018-03-28 14:13:52.822] [com.purefun.fstp.ace.rds.server.StockRDS]  -------------------------------------------------
[INFO ] [2018-03-28 14:13:52.823] [com.purefun.fstp.ace.rds.server.StockRDS]  Create a new PILOT Server:StockRDS_DEV_2
[INFO ] [2018-03-28 14:13:52.985] [org.apache.qpid.client.security.DynamicSaslRegistrar]  Additional SASL providers successfully registered.
[INFO ] [2018-03-28 14:13:52.987] [org.apache.qpid.client.security.CallbackHandlerRegistry]  Callback handlers available for SASL mechanisms: [EXTERNAL, GSSAPI, SCRAM-SHA-256, SCRAM-SHA-1, CRAM-MD5-HASHED, CRAM-MD5, PLAIN, AMQPLAIN, ANONYMOUS, XOAUTH2]
[INFO ] [2018-03-28 14:13:53.159] [org.apache.qpid.client.AMQConnection]  Connection 1 now connected from /127.0.0.1:49386 to localhost/127.0.0.1:5672
[INFO ] [2018-03-28 14:13:55.319] [com.purefun.fstp.ace.rds.server.StockRDS]  can't connet to MonitorServer,server StockRDS_DEV_2 will exit
[INFO ] [2018-03-28 14:13:55.355] [com.purefun.fstp.ace.rds.server.StockRDS]  service exit
[INFO ] [2018-03-28 14:14:11.818] [com.purefun.fstp.ace.rds.server.StockRDS]  -------------------------------------------------
[INFO ] [2018-03-28 14:14:11.819] [com.purefun.fstp.ace.rds.server.StockRDS]  |             This is PILOT                     |
[INFO ] [2018-03-28 14:14:11.819] [com.purefun.fstp.ace.rds.server.StockRDS]  -------------------------------------------------
[INFO ] [2018-03-28 14:14:11.820] [com.purefun.fstp.ace.rds.server.StockRDS]  Create a new PILOT Server:StockRDS_DEV_2
[INFO ] [2018-03-28 14:14:11.979] [org.apache.qpid.client.security.DynamicSaslRegistrar]  Additional SASL providers successfully registered.
[INFO ] [2018-03-28 14:14:11.980] [org.apache.qpid.client.security.CallbackHandlerRegistry]  Callback handlers available for SASL mechanisms: [EXTERNAL, GSSAPI, SCRAM-SHA-256, SCRAM-SHA-1, CRAM-MD5-HASHED, CRAM-MD5, PLAIN, AMQPLAIN, ANONYMOUS, XOAUTH2]
[INFO ] [2018-03-28 14:14:12.162] [org.apache.qpid.client.AMQConnection]  Connection 1 now connected from /127.0.0.1:49398 to localhost/127.0.0.1:5672
[INFO ] [2018-03-28 14:14:12.295] [com.purefun.fstp.ace.rds.server.StockRDS]  connect to monitor successful
[INFO ] [2018-03-28 14:14:12.295] [com.purefun.fstp.ace.rds.server.StockRDS]  StockRDS_DEV_2 init successful
[INFO ] [2018-03-28 14:14:12.296] [com.purefun.fstp.ace.rds.server.StockRDS]  StockRDS_DEV_2 start successful
[INFO ] [2018-03-28 14:14:12.314] [com.purefun.fstp.ace.rds.server.StockRDS]  com.purefun.fstp.core.bo.TestBO
[INFO ] [2018-03-28 14:14:12.316] [com.purefun.fstp.ace.rds.server.StockRDS]  com.purefun.fstp.core.bo.TestBO
[INFO ] [2018-03-28 14:14:12.318] [com.purefun.fstp.ace.rds.server.StockRDS]  com.purefun.fstp.core.bo.TestBO
[INFO ] [2018-03-28 14:14:12.355] [com.purefun.fstp.ace.rds.server.StockRDS]  topic com.cicc.pilot.core.bo.TestBO has no message in cache
[INFO ] [2018-03-28 14:14:12.355] [com.purefun.fstp.ace.rds.server.StockRDS]  topic com.cicc.pilot.core.bo.TestBO2 has no message in cache
[INFO ] [2018-03-28 14:14:12.371] [com.purefun.fstp.ace.rds.server.StockRDS]  StockRDS_DEV_2 start successful
[INFO ] [2018-03-28 14:14:27.396] [com.purefun.fstp.ace.rds.server.StockRDS]  service exit
